<?xml version="1.0" encoding="UTF-8"?>
<!-- Generated by org.testng.reporters.JUnitReportReporter -->
<testsuite hostname="CFGL0093" failures="0" tests="4" name="ngen_dtd_Test_Method.Ngen_Dtd_Setup" time="18.668" errors="0" timestamp="2024-10-27T19:29:09 IST" skipped="0">
  <testcase classname="ngen_dtd_Test_Method.Ngen_Dtd_Setup" name="enter_userDetails" time="3.745"/>
  <testcase classname="ngen_dtd_Test_Method.Ngen_Dtd_Setup" name="B2B_Booking_Page" time="4.270"/>
  <testcase classname="ngen_dtd_Test_Method.Ngen_Dtd_Setup" name="enter_ShipperDetails" time="4.550"/>
  <testcase classname="ngen_dtd_Test_Method.Ngen_Dtd_Setup" name="enter_ConsigneeDetails" time="6.103"/>
</testsuite> <!-- ngen_dtd_Test_Method.Ngen_Dtd_Setup -->
