<?xml version="1.0" encoding="UTF-8"?>
<!-- Generated by org.testng.reporters.JUnitReportReporter -->
<testsuite hostname="CFGL0093" failures="0" tests="6" name="ngen_dtd_Test_Method.Ngen_Dtd_Setup" time="28.994" errors="0" timestamp="2024-11-22T15:40:20 IST" skipped="0">
  <testcase classname="ngen_dtd_Test_Method.Ngen_Dtd_Setup" name="enter_userDetails" time="2.824"/>
  <testcase classname="ngen_dtd_Test_Method.Ngen_Dtd_Setup" name="B2B_Booking_Page" time="6.485"/>
  <testcase classname="ngen_dtd_Test_Method.Ngen_Dtd_Setup" name="enter_ShipperDetails" time="3.746"/>
  <testcase classname="ngen_dtd_Test_Method.Ngen_Dtd_Setup" name="enter_ConsigneeDetails" time="5.592"/>
  <testcase classname="ngen_dtd_Test_Method.Ngen_Dtd_Setup" name="Enter_Shipment_Information" time="7.410"/>
  <testcase classname="ngen_dtd_Test_Method.Ngen_Dtd_Setup" name="Select_Additional_Services" time="2.937"/>
</testsuite> <!-- ngen_dtd_Test_Method.Ngen_Dtd_Setup -->
